<?xml version="1.0" encoding="UTF-8"?>
<!-- Generated by org.testng.reporters.JUnitReportReporter -->
<testsuite hostname="Digvijay-PC" failures="0" tests="3" name="parameterloginregisonmercury.registernloginonmercury" time="6.511" errors="2" timestamp="2021-07-07T18:20:30 IST" skipped="1">
  <testcase classname="parameterloginregisonmercury.registernloginonmercury" name="register" time="0.000">
    <error message="
Parameter &#039;val1&#039; is required by @Test on method register but has not been marked @Optional or defined
in C:\Users\Digvijay\AppData\Local\Temp\testng-eclipse-612775412\testng-customsuite.xml" type="org.testng.TestNGException">
      <![CDATA[org.testng.TestNGException: 
Parameter 'val1' is required by @Test on method register but has not been marked @Optional or defined
in C:\Users\Digvijay\AppData\Local\Temp\testng-eclipse-612775412\testng-customsuite.xml
at org.testng.internal.Parameters.createParams(Parameters.java:270)
at org.testng.internal.Parameters.createParametersForMethod(Parameters.java:358)
at org.testng.internal.Parameters.createParameters(Parameters.java:700)
at org.testng.internal.Parameters.handleParameters(Parameters.java:884)
at org.testng.internal.Parameters.handleParameters(Parameters.java:740)
at org.testng.internal.ParameterHandler.handleParameters(ParameterHandler.java:59)
at org.testng.internal.ParameterHandler.createParameters(ParameterHandler.java:38)
at org.testng.internal.TestInvoker$MethodInvocationAgent.invoke(TestInvoker.java:791)
at org.testng.internal.TestInvoker.invokeTestMethods(TestInvoker.java:146)
at org.testng.internal.TestMethodWorker.invokeTestMethods(TestMethodWorker.java:146)
at org.testng.internal.TestMethodWorker.run(TestMethodWorker.java:128)
at java.base/java.util.ArrayList.forEach(ArrayList.java:1511)
at org.testng.TestRunner.privateRun(TestRunner.java:794)
at org.testng.TestRunner.run(TestRunner.java:596)
at org.testng.SuiteRunner.runTest(SuiteRunner.java:377)
at org.testng.SuiteRunner.runSequentially(SuiteRunner.java:371)
at org.testng.SuiteRunner.privateRun(SuiteRunner.java:332)
at org.testng.SuiteRunner.run(SuiteRunner.java:276)
at org.testng.SuiteRunnerWorker.runSuite(SuiteRunnerWorker.java:53)
at org.testng.SuiteRunnerWorker.run(SuiteRunnerWorker.java:96)
at org.testng.TestNG.runSuitesSequentially(TestNG.java:1212)
at org.testng.TestNG.runSuitesLocally(TestNG.java:1134)
at org.testng.TestNG.runSuites(TestNG.java:1063)
at org.testng.TestNG.run(TestNG.java:1031)
at org.testng.remote.AbstractRemoteTestNG.run(AbstractRemoteTestNG.java:115)
at org.testng.remote.RemoteTestNG.initAndRun(RemoteTestNG.java:251)
at org.testng.remote.RemoteTestNG.main(RemoteTestNG.java:77)
]]>
    </error>
  </testcase> <!-- register -->
  <system-out/>
  <testcase classname="parameterloginregisonmercury.registernloginonmercury" name="browser" time="6.511">
    <error message="session not created
from disconnected: received Inspector.detached event
  (Session info: chrome=91.0.4472.124)
Build info: version: &#039;3.141.59&#039;, revision: &#039;e82be7d358&#039;, time: &#039;2018-11-14T08:17:03&#039;
System info: host: &#039;DIGVIJAY-PC&#039;, ip: &#039;192.168.0.103&#039;, os.name: &#039;Windows 10&#039;, os.arch: &#039;amd64&#039;, os.version: &#039;10.0&#039;, java.version: &#039;15.0.2&#039;
Driver info: driver.version: ChromeDriver
remote stacktrace: Backtrace:
	Ordinal0 [0x006C3733+2504499]
	Ordinal0 [0x0065C401+2081793]
	Ordinal0 [0x00562628+1058344]
	Ordinal0 [0x005559F4+1006068]
	Ordinal0 [0x00555634+1005108]
	Ordinal0 [0x00554D7C+1002876]
	Ordinal0 [0x00553EF9+999161]
	Ordinal0 [0x005541B6+999862]
	Ordinal0 [0x00553AA5+998053]
	Ordinal0 [0x0055E6B4+1042100]
	Ordinal0 [0x00553A61+997985]
	Ordinal0 [0x00554986+1001862]
	Ordinal0 [0x00553EF9+999161]
	Ordinal0 [0x005541B6+999862]
	Ordinal0 [0x00553AA5+998053]
	Ordinal0 [0x0055C73A+1034042]
	Ordinal0 [0x00553A61+997985]
	Ordinal0 [0x00554986+1001862]
	Ordinal0 [0x00553EF9+999161]
	Ordinal0 [0x005541B6+999862]
	Ordinal0 [0x00553AA5+998053]
	Ordinal0 [0x0055A5E9+1025513]
	Ordinal0 [0x00553A61+997985]
	Ordinal0 [0x00554986+1001862]
	Ordinal0 [0x00553EF9+999161]
	Ordinal0 [0x005541B6+999862]
	Ordinal0 [0x00553AA5+998053]
	Ordinal0 [0x0055990C+1022220]
	Ordinal0 [0x00553A61+997985]
	Ordinal0 [0x00554986+1001862]
	Ordinal0 [0x00553EF9+999161]
	Ordinal0 [0x005541B6+999862]
	Ordinal0 [0x00553AA5+998053]
	Ordinal0 [0x0054F5DD+980445]
	Ordinal0 [0x00553A61+997985]
	Ordinal0 [0x00553800+997376]
	Ordinal0 [0x00553599+996761]
	Ordinal0 [0x00563830+1062960]
	Ordinal0 [0x005AABB9+1354681]
	Ordinal0 [0x005A97DA+1349594]
	Ordinal0 [0x005A5D4B+1334603]
	Ordinal0 [0x005822B4+1188532]
	Ordinal0 [0x00583149+1192265]
	GetHandleVerifier [0x0083FB8C+1512252]
	GetHandleVerifier [0x008EB0DF+2214031]
	GetHandleVerifier [0x00744BC3+484211]
	GetHandleVerifier [0x00743E69+480793]
	Ordinal0 [0x0066218D+2105741]
	Ordinal0 [0x006666E8+2123496]
	Ordinal0 [0x00666827+2123815]
	Ordinal0 [0x0066FB73+2161523]
	BaseThreadInitThunk [0x75F0FA29+25]
	RtlGetAppContainerNamedObjectPath [0x76FB7A9E+286]
	RtlGetAppContainerNamedObjectPath [0x76FB7A6E+238]
" type="org.openqa.selenium.SessionNotCreatedException">
      <![CDATA[org.openqa.selenium.SessionNotCreatedException: session not created
from disconnected: received Inspector.detached event
  (Session info: chrome=91.0.4472.124)
Build info: version: '3.141.59', revision: 'e82be7d358', time: '2018-11-14T08:17:03'
System info: host: 'DIGVIJAY-PC', ip: '192.168.0.103', os.name: 'Windows 10', os.arch: 'amd64', os.version: '10.0', java.version: '15.0.2'
Driver info: driver.version: ChromeDriver
remote stacktrace: Backtrace:
Ordinal0 [0x006C3733+2504499]
Ordinal0 [0x0065C401+2081793]
Ordinal0 [0x00562628+1058344]
Ordinal0 [0x005559F4+1006068]
Ordinal0 [0x00555634+1005108]
Ordinal0 [0x00554D7C+1002876]
Ordinal0 [0x00553EF9+999161]
Ordinal0 [0x005541B6+999862]
Ordinal0 [0x00553AA5+998053]
Ordinal0 [0x0055E6B4+1042100]
Ordinal0 [0x00553A61+997985]
Ordinal0 [0x00554986+1001862]
Ordinal0 [0x00553EF9+999161]
Ordinal0 [0x005541B6+999862]
Ordinal0 [0x00553AA5+998053]
Ordinal0 [0x0055C73A+1034042]
Ordinal0 [0x00553A61+997985]
Ordinal0 [0x00554986+1001862]
Ordinal0 [0x00553EF9+999161]
Ordinal0 [0x005541B6+999862]
Ordinal0 [0x00553AA5+998053]
Ordinal0 [0x0055A5E9+1025513]
Ordinal0 [0x00553A61+997985]
Ordinal0 [0x00554986+1001862]
Ordinal0 [0x00553EF9+999161]
Ordinal0 [0x005541B6+999862]
Ordinal0 [0x00553AA5+998053]
Ordinal0 [0x0055990C+1022220]
Ordinal0 [0x00553A61+997985]
Ordinal0 [0x00554986+1001862]
Ordinal0 [0x00553EF9+999161]
Ordinal0 [0x005541B6+999862]
Ordinal0 [0x00553AA5+998053]
Ordinal0 [0x0054F5DD+980445]
Ordinal0 [0x00553A61+997985]
Ordinal0 [0x00553800+997376]
Ordinal0 [0x00553599+996761]
Ordinal0 [0x00563830+1062960]
Ordinal0 [0x005AABB9+1354681]
Ordinal0 [0x005A97DA+1349594]
Ordinal0 [0x005A5D4B+1334603]
Ordinal0 [0x005822B4+1188532]
Ordinal0 [0x00583149+1192265]
GetHandleVerifier [0x0083FB8C+1512252]
GetHandleVerifier [0x008EB0DF+2214031]
GetHandleVerifier [0x00744BC3+484211]
GetHandleVerifier [0x00743E69+480793]
Ordinal0 [0x0066218D+2105741]
Ordinal0 [0x006666E8+2123496]
Ordinal0 [0x00666827+2123815]
Ordinal0 [0x0066FB73+2161523]
BaseThreadInitThunk [0x75F0FA29+25]
RtlGetAppContainerNamedObjectPath [0x76FB7A9E+286]
RtlGetAppContainerNamedObjectPath [0x76FB7A6E+238]

at java.base/jdk.internal.reflect.NativeConstructorAccessorImpl.newInstance0(Native Method)
at java.base/jdk.internal.reflect.NativeConstructorAccessorImpl.newInstance(NativeConstructorAccessorImpl.java:64)
at java.base/jdk.internal.reflect.DelegatingConstructorAccessorImpl.newInstance(DelegatingConstructorAccessorImpl.java:45)
at java.base/java.lang.reflect.Constructor.newInstanceWithCaller(Constructor.java:500)
at java.base/java.lang.reflect.Constructor.newInstance(Constructor.java:481)
at org.openqa.selenium.remote.W3CHandshakeResponse.lambda$errorHandler$0(W3CHandshakeResponse.java:62)
at org.openqa.selenium.remote.HandshakeResponse.lambda$getResponseFunction$0(HandshakeResponse.java:30)
at org.openqa.selenium.remote.ProtocolHandshake.lambda$createSession$0(ProtocolHandshake.java:126)
at java.base/java.util.stream.ReferencePipeline$3$1.accept(ReferencePipeline.java:195)
at java.base/java.util.Spliterators$ArraySpliterator.tryAdvance(Spliterators.java:958)
at java.base/java.util.stream.ReferencePipeline.forEachWithCancel(ReferencePipeline.java:127)
at java.base/java.util.stream.AbstractPipeline.copyIntoWithCancel(AbstractPipeline.java:502)
at java.base/java.util.stream.AbstractPipeline.copyInto(AbstractPipeline.java:488)
at java.base/java.util.stream.AbstractPipeline.wrapAndCopyInto(AbstractPipeline.java:474)
at java.base/java.util.stream.FindOps$FindOp.evaluateSequential(FindOps.java:150)
at java.base/java.util.stream.AbstractPipeline.evaluate(AbstractPipeline.java:234)
at java.base/java.util.stream.ReferencePipeline.findFirst(ReferencePipeline.java:543)
at org.openqa.selenium.remote.ProtocolHandshake.createSession(ProtocolHandshake.java:128)
at org.openqa.selenium.remote.ProtocolHandshake.createSession(ProtocolHandshake.java:74)
at org.openqa.selenium.remote.HttpCommandExecutor.execute(HttpCommandExecutor.java:136)
at org.openqa.selenium.remote.service.DriverCommandExecutor.execute(DriverCommandExecutor.java:83)
at org.openqa.selenium.remote.RemoteWebDriver.execute(RemoteWebDriver.java:552)
at org.openqa.selenium.remote.RemoteWebDriver.startSession(RemoteWebDriver.java:213)
at org.openqa.selenium.remote.RemoteWebDriver.<init>(RemoteWebDriver.java:131)
at org.openqa.selenium.chrome.ChromeDriver.<init>(ChromeDriver.java:181)
at org.openqa.selenium.chrome.ChromeDriver.<init>(ChromeDriver.java:168)
at org.openqa.selenium.chrome.ChromeDriver.<init>(ChromeDriver.java:123)
at parameterloginregisonmercury.registernloginonmercury.browser(registernloginonmercury.java:19)
at java.base/jdk.internal.reflect.NativeMethodAccessorImpl.invoke0(Native Method)
at java.base/jdk.internal.reflect.NativeMethodAccessorImpl.invoke(NativeMethodAccessorImpl.java:64)
at java.base/jdk.internal.reflect.DelegatingMethodAccessorImpl.invoke(DelegatingMethodAccessorImpl.java:43)
at java.base/java.lang.reflect.Method.invoke(Method.java:564)
at org.testng.internal.MethodInvocationHelper.invokeMethod(MethodInvocationHelper.java:133)
at org.testng.internal.MethodInvocationHelper.invokeMethodConsideringTimeout(MethodInvocationHelper.java:62)
at org.testng.internal.ConfigInvoker.invokeConfigurationMethod(ConfigInvoker.java:385)
at org.testng.internal.ConfigInvoker.invokeConfigurations(ConfigInvoker.java:321)
at org.testng.SuiteRunner.privateRun(SuiteRunner.java:317)
at org.testng.SuiteRunner.run(SuiteRunner.java:276)
at org.testng.SuiteRunnerWorker.runSuite(SuiteRunnerWorker.java:53)
at org.testng.SuiteRunnerWorker.run(SuiteRunnerWorker.java:96)
at org.testng.TestNG.runSuitesSequentially(TestNG.java:1212)
at org.testng.TestNG.runSuitesLocally(TestNG.java:1134)
at org.testng.TestNG.runSuites(TestNG.java:1063)
at org.testng.TestNG.run(TestNG.java:1031)
at org.testng.remote.AbstractRemoteTestNG.run(AbstractRemoteTestNG.java:115)
at org.testng.remote.RemoteTestNG.initAndRun(RemoteTestNG.java:251)
at org.testng.remote.RemoteTestNG.main(RemoteTestNG.java:77)
]]>
    </error>
  </testcase> <!-- browser -->
  <system-out/>
  <testcase classname="parameterloginregisonmercury.registernloginonmercury" name="Login" time="0.000">
    <skipped/>
  </testcase> <!-- Login -->
  <system-out/>
</testsuite> <!-- parameterloginregisonmercury.registernloginonmercury -->
